Base path: D:/Unity/Editor/Data
Cmd: getPlatforms
Cmd: compileSnippet
  api=4 type=0 insize=6658 outsize=2125 kw=DIRECTIONAL LIGHTMAP_OFF DIRLIGHTMAP_OFF DYNAMICLIGHTMAP_OFF pd=UNITY_ENABLE_REFLECTION_BUFFERS UNITY_PBS_USE_BRDF1 UNITY_SPECCUBE_BOX_PROJECTION UNITY_SPECCUBE_BLENDING ok=1
Cmd: disassembleShader
  api=15 insize=2125 outsize=3609 ok=1
Cmd: compileSnippet
  api=0 type=0 insize=6658 outsize=1964 kw=DIRECTIONAL LIGHTMAP_OFF DIRLIGHTMAP_OFF DYNAMICLIGHTMAP_ON pd=UNITY_ENABLE_REFLECTION_BUFFERS UNITY_PBS_USE_BRDF1 UNITY_SPECCUBE_BOX_PROJECTION UNITY_SPECCUBE_BLENDING SHADER_API_DESKTOP ok=1
Cmd: disassembleShader
  api=1 insize=1964 outsize=1964 ok=1
Cmd: compileSnippet
  api=1 type=0 insize=6658 outsize=716 kw=DIRECTIONAL LIGHTMAP_OFF DIRLIGHTMAP_COMBINED DYNAMICLIGHTMAP_ON pd=UNITY_ENABLE_REFLECTION_BUFFERS UNITY_PBS_USE_BRDF1 UNITY_SPECCUBE_BOX_PROJECTION UNITY_SPECCUBE_BLENDING ok=1
Cmd: disassembleShader
  api=10 insize=716 outsize=1240 ok=1
Cmd: compileSnippet
  api=0 type=0 insize=6658 outsize=3933 kw=DIRECTIONAL LIGHTMAP_OFF DIRLIGHTMAP_OFF DYNAMICLIGHTMAP_OFF VERTEXLIGHT_ON pd=UNITY_ENABLE_REFLECTION_BUFFERS UNITY_PBS_USE_BRDF1 UNITY_SPECCUBE_BOX_PROJECTION UNITY_SPECCUBE_BLENDING SHADER_API_DESKTOP ok=1
Cmd: disassembleShader
  api=1 insize=3933 outsize=3933 ok=1
Cmd: compileSnippet
  api=0 type=0 insize=6658 outsize=2169 kw=DIRECTIONAL LIGHTMAP_OFF DIRLIGHTMAP_COMBINED DYNAMICLIGHTMAP_ON VERTEXLIGHT_ON pd=UNITY_ENABLE_REFLECTION_BUFFERS UNITY_PBS_USE_BRDF1 UNITY_SPECCUBE_BOX_PROJECTION UNITY_SPECCUBE_BLENDING SHADER_API_DESKTOP ok=1
Cmd: disassembleShader
  api=1 insize=2169 outsize=2169 ok=1
Cmd: compileSnippet
  api=8 type=1 insize=6658 outsize=937 kw=DIRECTIONAL LIGHTMAP_OFF DIRLIGHTMAP_OFF DYNAMICLIGHTMAP_OFF pd=UNITY_NO_LINEAR_COLORSPACE UNITY_ENABLE_REFLECTION_BUFFERS UNITY_PBS_USE_BRDF3 ok=1
Cmd: disassembleShader
  api=14 insize=937 outsize=2588 ok=1
Cmd: compileSnippet
  api=4 type=1 insize=6658 outsize=1041 kw=DIRECTIONAL LIGHTMAP_OFF DIRLIGHTMAP_COMBINED DYNAMICLIGHTMAP_ON pd=UNITY_ENABLE_REFLECTION_BUFFERS UNITY_PBS_USE_BRDF1 UNITY_SPECCUBE_BOX_PROJECTION UNITY_SPECCUBE_BLENDING ok=1
Cmd: disassembleShader
  api=17 insize=1041 outsize=2114 ok=1
Cmd: compileSnippet
  api=4 type=0 insize=3591 outsize=1349 kw=POINT pd=UNITY_ENABLE_REFLECTION_BUFFERS UNITY_PBS_USE_BRDF1 UNITY_SPECCUBE_BOX_PROJECTION UNITY_SPECCUBE_BLENDING ok=1
Cmd: disassembleShader
  api=15 insize=1349 outsize=2478 ok=1
Cmd: compileSnippet
  api=1 type=0 insize=3591 outsize=544 kw=DIRECTIONAL pd=UNITY_ENABLE_REFLECTION_BUFFERS UNITY_PBS_USE_BRDF1 UNITY_SPECCUBE_BOX_PROJECTION UNITY_SPECCUBE_BLENDING ok=1
Cmd: disassembleShader
  api=9 insize=544 outsize=928 ok=1
Cmd: compileSnippet
  api=8 type=0 insize=3591 outsize=1905 kw=DIRECTIONAL pd=UNITY_NO_LINEAR_COLORSPACE UNITY_ENABLE_REFLECTION_BUFFERS UNITY_PBS_USE_BRDF3 ok=1
Cmd: disassembleShader
  api=13 insize=1905 outsize=4061 ok=1
Cmd: compileSnippet
  api=4 type=0 insize=3591 outsize=1349 kw=SPOT pd=UNITY_ENABLE_REFLECTION_BUFFERS UNITY_PBS_USE_BRDF1 UNITY_SPECCUBE_BOX_PROJECTION UNITY_SPECCUBE_BLENDING ok=1
Cmd: disassembleShader
  api=15 insize=1349 outsize=2478 ok=1
Cmd: compileSnippet
  api=1 type=0 insize=3591 outsize=544 kw=POINT_COOKIE pd=UNITY_ENABLE_REFLECTION_BUFFERS UNITY_PBS_USE_BRDF1 UNITY_SPECCUBE_BOX_PROJECTION UNITY_SPECCUBE_BLENDING ok=1
Cmd: disassembleShader
  api=9 insize=544 outsize=928 ok=1
Cmd: compileSnippet
  api=8 type=0 insize=3591 outsize=1905 kw=POINT_COOKIE pd=UNITY_NO_LINEAR_COLORSPACE UNITY_ENABLE_REFLECTION_BUFFERS UNITY_PBS_USE_BRDF3 ok=1
Cmd: disassembleShader
  api=13 insize=1905 outsize=4063 ok=1
Cmd: compileSnippet
  api=4 type=0 insize=3591 outsize=1349 kw=DIRECTIONAL_COOKIE pd=UNITY_ENABLE_REFLECTION_BUFFERS UNITY_PBS_USE_BRDF1 UNITY_SPECCUBE_BOX_PROJECTION UNITY_SPECCUBE_BLENDING ok=1
Cmd: disassembleShader
  api=15 insize=1349 outsize=2478 ok=1
Cmd: compileSnippet
  api=8 type=1 insize=3591 outsize=1393 kw=POINT pd=UNITY_NO_LINEAR_COLORSPACE UNITY_ENABLE_REFLECTION_BUFFERS UNITY_PBS_USE_BRDF3 ok=1
Cmd: disassembleShader
  api=14 insize=1393 outsize=3306 ok=1
Cmd: compileSnippet
  api=4 type=1 insize=3591 outsize=1197 kw=SPOT pd=UNITY_ENABLE_REFLECTION_BUFFERS UNITY_PBS_USE_BRDF1 UNITY_SPECCUBE_BOX_PROJECTION UNITY_SPECCUBE_BLENDING ok=1
Cmd: disassembleShader
  api=17 insize=1197 outsize=2270 ok=1
Cmd: compileSnippet
  api=8 type=1 insize=3591 outsize=1545 kw=POINT_COOKIE pd=UNITY_NO_LINEAR_COLORSPACE UNITY_ENABLE_REFLECTION_BUFFERS UNITY_PBS_USE_BRDF3 ok=1
Cmd: disassembleShader
  api=14 insize=1545 outsize=3628 ok=1
Cmd: compileSnippet
  api=1 type=0 insize=3113 outsize=744 kw= pd=UNITY_ENABLE_REFLECTION_BUFFERS UNITY_PBS_USE_BRDF1 UNITY_SPECCUBE_BOX_PROJECTION UNITY_SPECCUBE_BLENDING ok=1
Cmd: disassembleShader
  api=9 insize=744 outsize=1258 ok=1
Cmd: compileSnippet
  api=1 type=1 insize=3113 outsize=636 kw= pd=UNITY_ENABLE_REFLECTION_BUFFERS UNITY_PBS_USE_BRDF1 UNITY_SPECCUBE_BOX_PROJECTION UNITY_SPECCUBE_BLENDING ok=1
Cmd: disassembleShader
  api=11 insize=636 outsize=1074 ok=1
Cmd: disassembleShader
  api=15 insize=2125 outsize=3609 ok=1
Cmd: disassembleShader
  api=10 insize=716 outsize=1240 ok=1
Cmd: disassembleShader
  api=10 insize=716 outsize=1240 ok=1
Cmd: disassembleShader
  api=1 insize=3933 outsize=3933 ok=1
Cmd: disassembleShader
  api=15 insize=2841 outsize=4550 ok=1
Cmd: disassembleShader
  api=15 insize=1489 outsize=2722 ok=1
Cmd: disassembleShader
  api=10 insize=716 outsize=1240 ok=1
Cmd: disassembleShader
  api=11 insize=468 outsize=809 ok=1
Cmd: disassembleShader
  api=12 insize=720 outsize=1294 ok=1
Cmd: disassembleShader
  api=9 insize=544 outsize=928 ok=1
Cmd: disassembleShader
  api=1 insize=1435 outsize=1435 ok=1
Cmd: disassembleShader
  api=9 insize=544 outsize=928 ok=1
Cmd: disassembleShader
  api=9 insize=544 outsize=928 ok=1
Cmd: disassembleShader
  api=1 insize=1849 outsize=1849 ok=1
Cmd: disassembleShader
  api=13 insize=1905 outsize=4063 ok=1
Cmd: disassembleShader
  api=11 insize=732 outsize=1157 ok=1
Cmd: disassembleShader
  api=11 insize=436 outsize=761 ok=1
Cmd: disassembleShader
  api=11 insize=896 outsize=1411 ok=1
Cmd: disassembleShader
  api=11 insize=828 outsize=1290 ok=1
Cmd: disassembleShader
  api=11 insize=652 outsize=1068 ok=1
Cmd: disassembleShader
  api=9 insize=744 outsize=1258 ok=1
Cmd: disassembleShader
  api=11 insize=636 outsize=1074 ok=1
Cmd: compileSnippet
  api=8 type=0 insize=996 outsize=765 kw= pd=UNITY_NO_LINEAR_COLORSPACE UNITY_ENABLE_REFLECTION_BUFFERS UNITY_PBS_USE_BRDF3 ok=1
Cmd: disassembleShader
  api=13 insize=765 outsize=2134 ok=1
Cmd: compileSnippet
  api=8 type=1 insize=996 outsize=409 kw= pd=UNITY_NO_LINEAR_COLORSPACE UNITY_ENABLE_REFLECTION_BUFFERS UNITY_PBS_USE_BRDF3 ok=1
Cmd: disassembleShader
  api=14 insize=409 outsize=1290 ok=1
Cmd: disassembleShader
  api=15 insize=2125 outsize=3609 ok=1
Cmd: disassembleShader
  api=1 insize=1964 outsize=1964 ok=1
Cmd: disassembleShader
  api=15 insize=1489 outsize=2722 ok=1
Cmd: disassembleShader
  api=9 insize=1900 outsize=3173 ok=1
Cmd: disassembleShader
  api=1 insize=1964 outsize=1964 ok=1
Cmd: disassembleShader
  api=10 insize=716 outsize=1240 ok=1
Cmd: disassembleShader
  api=1 insize=2169 outsize=2169 ok=1
Cmd: disassembleShader
  api=15 insize=1489 outsize=2722 ok=1
Cmd: disassembleShader
  api=14 insize=937 outsize=2588 ok=1
Cmd: disassembleShader
  api=12 insize=720 outsize=1294 ok=1
Cmd: disassembleShader
  api=17 insize=1041 outsize=2114 ok=1
Cmd: disassembleShader
  api=13 insize=1905 outsize=4063 ok=1
Cmd: disassembleShader
  api=1 insize=1905 outsize=1905 ok=1
Cmd: disassembleShader
  api=13 insize=1905 outsize=4063 ok=1
Cmd: disassembleShader
  api=13 insize=1905 outsize=4063 ok=1
Cmd: disassembleShader
  api=13 insize=1905 outsize=4063 ok=1
Cmd: disassembleShader
  api=14 insize=1393 outsize=3306 ok=1
Cmd: disassembleShader
  api=11 insize=896 outsize=1411 ok=1
Cmd: disassembleShader
  api=11 insize=828 outsize=1290 ok=1
Cmd: disassembleShader
  api=1 insize=0 outsize=45 ok=1
Cmd: disassembleShader
  api=14 insize=1213 outsize=3053 ok=1
Cmd: disassembleShader
  api=15 insize=1217 outsize=2396 ok=1
Cmd: disassembleShader
  api=14 insize=997 outsize=2584 ok=1
